[2026-03-30 23:36:59.200159] Ingested trend data for: most popular consumer electronics march 2026
[2026-03-30 23:42:10.645757] Ingested trend data for: trending ecommerce products 2026
[2026-03-31 00:15:34.432101] Ingested trend data for: trending home decor items global
[2026-03-31 00:40:08.808595] Ingested trend data for: trending home decor items global
[2026-03-31 03:23:21.216427] Ingested trend data for: most popular consumer electronics march 2026
[2026-03-31 06:03:29.211623] Ingested trend data for: trending ecommerce products 2026
[2026-03-31 08:16:19.631201] Ingested trend data for: trending ecommerce products 2026
[2026-03-31 09:50:18.212578] Ingested trend data for: fashion trends retail 2026
[2026-03-31 11:52:18.048455] Ingested trend data for: fashion trends retail 2026
[2026-03-31 12:07:37.023496] Ingested trend data for: trending home decor items global
[2026-03-31 12:12:23.259200] Ingested trend data for: trending home decor items global
[2026-03-31 12:48:39.855508] Ingested trend data for: most popular consumer electronics march 2026
[2026-03-31 12:59:25.470658] Ingested trend data for: fashion trends retail 2026
[2026-03-31 13:09:26.866591] Ingested trend data for: fashion trends retail 2026
[2026-03-31 13:14:00.944368] Ingested trend data for: most popular consumer electronics march 2026
[2026-03-31 14:01:10.580029] Ingested trend data for: most popular consumer electronics march 2026
[2026-03-31 15:14:36.287549] Ingested trend data for: fashion trends retail 2026
[2026-03-31 16:17:15.406250] Ingested trend data for: most popular consumer electronics march 2026
[2026-03-31 17:14:34.130088] Ingested trend data for: best selling gadgets 2026
[2026-03-31 17:16:46.473944] Ingested trend data for: trending home decor items global
[2026-03-31 17:18:53.861527] Ingested trend data for: best selling gadgets 2026
[2026-03-31 17:21:03.328857] Ingested trend data for: trending home decor items global
[2026-03-31 17:23:12.578049] Ingested trend data for: fashion trends retail 2026
[2026-03-31 17:25:05.281521] Ingested trend data for: trending home decor items global
[2026-03-31 17:26:59.709243] Ingested trend data for: most popular consumer electronics march 2026
[2026-03-31 17:29:05.036042] Ingested trend data for: fashion trends retail 2026
[2026-03-31 17:30:25.726471] Ingested trend data for: trending ecommerce products 2026
[2026-03-31 17:32:34.438478] Ingested trend data for: trending ecommerce products 2026
[2026-03-31 17:34:22.165470] Ingested trend data for: trending ecommerce products 2026
[2026-03-31 17:36:24.024130] Ingested trend data for: fashion trends retail 2026
[2026-03-31 17:38:06.039771] Ingested trend data for: best selling gadgets 2026
[2026-03-31 17:39:54.550149] Ingested trend data for: trending home decor items global
[2026-03-31 17:41:49.059356] Ingested trend data for: fashion trends retail 2026
[2026-03-31 17:43:11.764899] Ingested trend data for: fashion trends retail 2026
[2026-03-31 17:44:25.850246] Ingested trend data for: best selling gadgets 2026
[2026-03-31 17:45:35.641095] Ingested trend data for: trending home decor items global
[2026-03-31 17:47:46.813077] Ingested trend data for: best selling gadgets 2026
[2026-03-31 17:49:13.970484] Ingested trend data for: most popular consumer electronics march 2026
[2026-03-31 17:51:25.544149] Ingested trend data for: trending home decor items global
[2026-03-31 17:53:03.514361] Ingested trend data for: most popular consumer electronics march 2026
[2026-03-31 17:55:00.864704] Ingested trend data for: fashion trends retail 2026
[2026-03-31 17:56:59.720858] Ingested trend data for: most popular consumer electronics march 2026
[2026-03-31 17:58:33.587989] Ingested trend data for: trending home decor items global
[2026-03-31 18:00:47.462612] Ingested trend data for: best selling gadgets 2026
[2026-03-31 18:02:42.824808] Ingested trend data for: fashion trends retail 2026
[2026-03-31 18:05:08.217579] Ingested trend data for: trending ecommerce products 2026
[2026-03-31 18:06:51.852986] Ingested trend data for: most popular consumer electronics march 2026
[2026-03-31 18:08:35.215645] Ingested trend data for: fashion trends retail 2026
[2026-03-31 18:09:42.097337] Ingested trend data for: trending ecommerce products 2026
